# JRE version: OpenJDK Runtime Environment Microsoft-8035246 (17.0.8+7) (build 17.0.8+7-LTS)
# Java VM: OpenJDK 64-Bit Server VM Microsoft-8035246 (17.0.8+7-LTS, mixed mode, sharing, tiered, compressed oops, compressed class ptrs, g1 gc, windows-amd64)
GC Precious Log:
 CPUs: 4 total, 4 available
 Memory: 16239M
 Large Page Support: Disabled
 NUMA Support: Disabled
 Compressed Oops: Enabled (32-bit)
 Heap Region Size: 1M
 Heap Min Capacity: 8M
 Heap Initial Capacity: 254M
 Heap Max Capacity: 2G
 Pre-touch: Disabled
 Parallel Workers: 4
 Concurrent Workers: 1
 Concurrent Refinement Workers: 4
 Periodic GC: Disabled
Heap:
 garbage-first heap   total 342016K, used 214657K [0x0000000080000000, 0x0000000100000000)
  region size 1024K, 84 young (86016K), 12 survivors (12288K)
 Metaspace       used 100730K, committed 101632K, reserved 557056K
  class space    used 13593K, committed 14016K, reserved 425984K
GC Heap History (20 events):
Event: 41.170 GC heap before
{Heap before GC invocations=36 (full 0):
 garbage-first heap   total 191488K, used 141365K [0x0000000080000000, 0x0000000100000000)
  region size 1024K, 63 young (64512K), 6 survivors (6144K)
 Metaspace       used 80914K, committed 81600K, reserved 557056K
  class space    used 11229K, committed 11520K, reserved 425984K
}
Event: 41.188 GC heap after
{Heap after GC invocations=37 (full 0):
 garbage-first heap   total 191488K, used 87175K [0x0000000080000000, 0x0000000100000000)
  region size 1024K, 5 young (5120K), 5 survivors (5120K)
 Metaspace       used 80914K, committed 81600K, reserved 557056K
  class space    used 11229K, committed 11520K, reserved 425984K
}
Event: 42.769 GC heap before
{Heap before GC invocations=37 (full 0):
 garbage-first heap   total 191488K, used 147591K [0x0000000080000000, 0x0000000100000000)
  region size 1024K, 62 young (63488K), 5 survivors (5120K)
 Metaspace       used 83444K, committed 84224K, reserved 557056K
  class space    used 11566K, committed 11904K, reserved 425984K
}
Event: 42.784 GC heap after
{Heap after GC invocations=38 (full 0):
 garbage-first heap   total 191488K, used 97280K [0x0000000080000000, 0x0000000100000000)
  region size 1024K, 8 young (8192K), 8 survivors (8192K)
 Metaspace       used 83444K, committed 84224K, reserved 557056K
  class space    used 11566K, committed 11904K, reserved 425984K
}
Event: 42.842 GC heap before
{Heap before GC invocations=38 (full 0):
 garbage-first heap   total 191488K, used 98304K [0x0000000080000000, 0x0000000100000000)
  region size 1024K, 11 young (11264K), 8 survivors (8192K)
 Metaspace       used 83447K, committed 84224K, reserved 557056K
  class space    used 11566K, committed 11904K, reserved 425984K
}
Event: 42.854 GC heap after
{Heap after GC invocations=39 (full 0):
 garbage-first heap   total 191488K, used 100516K [0x0000000080000000, 0x0000000100000000)
  region size 1024K, 3 young (3072K), 3 survivors (3072K)
 Metaspace       used 83447K, committed 84224K, reserved 557056K
  class space    used 11566K, committed 11904K, reserved 425984K
}
Event: 43.938 GC heap before
{Heap before GC invocations=40 (full 0):
 garbage-first heap   total 191488K, used 139428K [0x0000000080000000, 0x0000000100000000)
  region size 1024K, 40 young (40960K), 3 survivors (3072K)
 Metaspace       used 86334K, committed 87168K, reserved 557056K
  class space    used 11896K, committed 12288K, reserved 425984K
}
Event: 43.949 GC heap after
{Heap after GC invocations=41 (full 0):
 garbage-first heap   total 191488K, used 108446K [0x0000000080000000, 0x0000000100000000)
  region size 1024K, 5 young (5120K), 5 survivors (5120K)
 Metaspace       used 86334K, committed 87168K, reserved 557056K
  class space    used 11896K, committed 12288K, reserved 425984K
}
Event: 44.005 GC heap before
{Heap before GC invocations=41 (full 0):
 garbage-first heap   total 191488K, used 112542K [0x0000000080000000, 0x0000000100000000)
  region size 1024K, 9 young (9216K), 5 survivors (5120K)
 Metaspace       used 86518K, committed 87296K, reserved 557056K
  class space    used 11928K, committed 12288K, reserved 425984K
}
Event: 44.017 GC heap after
{Heap after GC invocations=42 (full 0):
 garbage-first heap   total 191488K, used 108058K [0x0000000080000000, 0x0000000100000000)
  region size 1024K, 1 young (1024K), 1 survivors (1024K)
 Metaspace       used 86518K, committed 87296K, reserved 557056K
  class space    used 11928K, committed 12288K, reserved 425984K
}
Event: 44.765 GC heap before
{Heap before GC invocations=42 (full 0):
 garbage-first heap   total 191488K, used 143898K [0x0000000080000000, 0x0000000100000000)
  region size 1024K, 36 young (36864K), 1 survivors (1024K)
 Metaspace       used 88589K, committed 89408K, reserved 557056K
  class space    used 12213K, committed 12608K, reserved 425984K
}
Event: 44.770 GC heap after
{Heap after GC invocations=43 (full 0):
 garbage-first heap   total 191488K, used 109565K [0x0000000080000000, 0x0000000100000000)
  region size 1024K, 3 young (3072K), 3 survivors (3072K)
 Metaspace       used 88589K, committed 89408K, reserved 557056K
  class space    used 12213K, committed 12608K, reserved 425984K
}
Event: 45.966 GC heap before
{Heap before GC invocations=44 (full 0):
 garbage-first heap   total 203776K, used 146429K [0x0000000080000000, 0x0000000100000000)
  region size 1024K, 39 young (39936K), 3 survivors (3072K)
 Metaspace       used 90594K, committed 91392K, reserved 557056K
  class space    used 12492K, committed 12864K, reserved 425984K
}
Event: 45.979 GC heap after
{Heap after GC invocations=45 (full 0):
 garbage-first heap   total 203776K, used 112813K [0x0000000080000000, 0x0000000100000000)
  region size 1024K, 5 young (5120K), 5 survivors (5120K)
 Metaspace       used 90594K, committed 91392K, reserved 557056K
  class space    used 12492K, committed 12864K, reserved 425984K
}
Event: 46.106 GC heap before
{Heap before GC invocations=45 (full 0):
 garbage-first heap   total 203776K, used 116909K [0x0000000080000000, 0x0000000100000000)
  region size 1024K, 9 young (9216K), 5 survivors (5120K)
 Metaspace       used 90700K, committed 91584K, reserved 557056K
  class space    used 12504K, committed 12928K, reserved 425984K
}
Event: 46.121 GC heap after
{Heap after GC invocations=46 (full 0):
 garbage-first heap   total 342016K, used 113293K [0x0000000080000000, 0x0000000100000000)
  region size 1024K, 2 young (2048K), 2 survivors (2048K)
 Metaspace       used 90700K, committed 91584K, reserved 557056K
  class space    used 12504K, committed 12928K, reserved 425984K
}
Event: 62.343 GC heap before
{Heap before GC invocations=46 (full 0):
 garbage-first heap   total 342016K, used 230029K [0x0000000080000000, 0x0000000100000000)
  region size 1024K, 117 young (119808K), 2 survivors (2048K)
 Metaspace       used 95750K, committed 96640K, reserved 557056K
  class space    used 12981K, committed 13376K, reserved 425984K
}
Event: 62.373 GC heap after
{Heap after GC invocations=47 (full 0):
 garbage-first heap   total 342016K, used 126819K [0x0000000080000000, 0x0000000100000000)
  region size 1024K, 15 young (15360K), 15 survivors (15360K)
 Metaspace       used 95750K, committed 96640K, reserved 557056K
  class space    used 12981K, committed 13376K, reserved 425984K
}
Event: 65.413 GC heap before
{Heap before GC invocations=47 (full 0):
 garbage-first heap   total 342016K, used 239459K [0x0000000080000000, 0x0000000100000000)
  region size 1024K, 125 young (128000K), 15 survivors (15360K)
 Metaspace       used 100611K, committed 101504K, reserved 557056K
  class space    used 13593K, committed 14016K, reserved 425984K
}
Event: 65.454 GC heap after
{Heap after GC invocations=48 (full 0):
 garbage-first heap   total 342016K, used 138881K [0x0000000080000000, 0x0000000100000000)
  region size 1024K, 12 young (12288K), 12 survivors (12288K)
 Metaspace       used 100611K, committed 101504K, reserved 557056K
  class space    used 13593K, committed 14016K, reserved 425984K
}

